{"/Users/raikenwolf/Documents/repos/minder-project/src/components/common/Footer.tsx": {"path":"/Users/raikenwolf/Documents/repos/minder-project/src/components/common/Footer.tsx","statementMap":{"0":{"start":{"line":4,"column":32},"end":{"line":10,"column":null}},"1":{"start":{"line":5,"column":2},"end":{"line":8,"column":null}}},"fnMap":{"0":{"name":"(anonymous_0)","decl":{"start":{"line":4,"column":32},"end":{"line":4,"column":38}},"loc":{"start":{"line":4,"column":38},"end":{"line":10,"column":null}},"line":4}},"branchMap":{},"s":{"0":1,"1":4},"f":{"0":4},"b":{},"meta":{"lastBranch":0,"lastFunction":1,"lastStatement":2,"seen":{"s:4:32:10:Infinity":0,"f:4:32:4:38":0,"s:5:2:8:Infinity":1}}}
,"/Users/raikenwolf/Documents/repos/minder-project/src/components/common/Header.tsx": {"path":"/Users/raikenwolf/Documents/repos/minder-project/src/components/common/Header.tsx","statementMap":{"0":{"start":{"line":5,"column":32},"end":{"line":20,"column":null}},"1":{"start":{"line":6,"column":2},"end":{"line":18,"column":null}}},"fnMap":{"0":{"name":"(anonymous_0)","decl":{"start":{"line":5,"column":32},"end":{"line":5,"column":38}},"loc":{"start":{"line":5,"column":38},"end":{"line":20,"column":null}},"line":5}},"branchMap":{},"s":{"0":1,"1":5},"f":{"0":5},"b":{},"meta":{"lastBranch":0,"lastFunction":1,"lastStatement":2,"seen":{"s:5:32:20:Infinity":0,"f:5:32:5:38":0,"s:6:2:18:Infinity":1}}}
,"/Users/raikenwolf/Documents/repos/minder-project/src/components/common/Menu.tsx": {"path":"/Users/raikenwolf/Documents/repos/minder-project/src/components/common/Menu.tsx","statementMap":{"0":{"start":{"line":5,"column":30},"end":{"line":27,"column":null}},"1":{"start":{"line":6,"column":2},"end":{"line":25,"column":null}}},"fnMap":{"0":{"name":"(anonymous_0)","decl":{"start":{"line":5,"column":30},"end":{"line":5,"column":36}},"loc":{"start":{"line":5,"column":36},"end":{"line":27,"column":null}},"line":5}},"branchMap":{},"s":{"0":1,"1":8},"f":{"0":8},"b":{},"meta":{"lastBranch":0,"lastFunction":1,"lastStatement":2,"seen":{"s:5:30:27:Infinity":0,"f:5:30:5:36":0,"s:6:2:25:Infinity":1}}}
,"/Users/raikenwolf/Documents/repos/minder-project/src/components/common/OptimizedImage.tsx": {"path":"/Users/raikenwolf/Documents/repos/minder-project/src/components/common/OptimizedImage.tsx","statementMap":{"0":{"start":{"line":11,"column":61},"end":{"line":112,"column":null}},"1":{"start":{"line":18,"column":32},"end":{"line":18,"column":null}},"2":{"start":{"line":19,"column":30},"end":{"line":19,"column":null}},"3":{"start":{"line":21,"column":21},"end":{"line":24,"column":null}},"4":{"start":{"line":22,"column":4},"end":{"line":22,"column":null}},"5":{"start":{"line":23,"column":4},"end":{"line":23,"column":null}},"6":{"start":{"line":26,"column":22},"end":{"line":29,"column":null}},"7":{"start":{"line":27,"column":4},"end":{"line":27,"column":null}},"8":{"start":{"line":28,"column":4},"end":{"line":28,"column":null}},"9":{"start":{"line":31,"column":25},"end":{"line":31,"column":null}},"10":{"start":{"line":62,"column":29},"end":{"line":62,"column":null}},"11":{"start":{"line":64,"column":2},"end":{"line":110,"column":null}}},"fnMap":{"0":{"name":"(anonymous_0)","decl":{"start":{"line":11,"column":61},"end":{"line":11,"column":62}},"loc":{"start":{"line":17,"column":6},"end":{"line":112,"column":null}},"line":17},"1":{"name":"(anonymous_1)","decl":{"start":{"line":21,"column":21},"end":{"line":21,"column":27}},"loc":{"start":{"line":21,"column":27},"end":{"line":24,"column":null}},"line":21},"2":{"name":"(anonymous_2)","decl":{"start":{"line":26,"column":22},"end":{"line":26,"column":28}},"loc":{"start":{"line":26,"column":28},"end":{"line":29,"column":null}},"line":26}},"branchMap":{"0":{"loc":{"start":{"line":14,"column":2},"end":{"line":14,"column":null}},"type":"default-arg","locations":[{"start":{"line":14,"column":14},"end":{"line":14,"column":null}}],"line":14},"1":{"loc":{"start":{"line":15,"column":2},"end":{"line":15,"column":null}},"type":"default-arg","locations":[{"start":{"line":15,"column":10},"end":{"line":15,"column":null}}],"line":15},"2":{"loc":{"start":{"line":76,"column":8},"end":{"line":89,"column":null}},"type":"binary-expr","locations":[{"start":{"line":76,"column":8},"end":{"line":76,"column":21}},{"start":{"line":76,"column":21},"end":{"line":76,"column":null}},{"start":{"line":77,"column":8},"end":{"line":89,"column":null}}],"line":76},"3":{"loc":{"start":{"line":102,"column":19},"end":{"line":102,"column":null}},"type":"cond-expr","locations":[{"start":{"line":102,"column":43},"end":{"line":102,"column":47}},{"start":{"line":102,"column":47},"end":{"line":102,"column":null}}],"line":102},"4":{"loc":{"start":{"line":102,"column":19},"end":{"line":102,"column":43}},"type":"binary-expr","locations":[{"start":{"line":102,"column":19},"end":{"line":102,"column":32}},{"start":{"line":102,"column":32},"end":{"line":102,"column":43}}],"line":102}},"s":{"0":3,"1":30,"2":30,"3":30,"4":0,"5":0,"6":30,"7":0,"8":0,"9":30,"10":30,"11":30},"f":{"0":30,"1":0,"2":0},"b":{"0":[30],"1":[30],"2":[30,0,30],"3":[30,0],"4":[30,0]},"meta":{"lastBranch":5,"lastFunction":3,"lastStatement":12,"seen":{"s:11:61:112:Infinity":0,"f:11:61:11:62":0,"b:14:14:14:Infinity":0,"b:15:10:15:Infinity":1,"s:18:32:18:Infinity":1,"s:19:30:19:Infinity":2,"s:21:21:24:Infinity":3,"f:21:21:21:27":1,"s:22:4:22:Infinity":4,"s:23:4:23:Infinity":5,"s:26:22:29:Infinity":6,"f:26:22:26:28":2,"s:27:4:27:Infinity":7,"s:28:4:28:Infinity":8,"s:31:25:31:Infinity":9,"s:62:29:62:Infinity":10,"s:64:2:110:Infinity":11,"b:76:8:76:21:76:21:76:Infinity:77:8:89:Infinity":2,"b:102:43:102:47:102:47:102:Infinity":3,"b:102:19:102:32:102:32:102:43":4}}}
,"/Users/raikenwolf/Documents/repos/minder-project/src/components/dashboard/MovieCard.tsx": {"path":"/Users/raikenwolf/Documents/repos/minder-project/src/components/dashboard/MovieCard.tsx","statementMap":{"0":{"start":{"line":16,"column":51},"end":{"line":68,"column":null}},"1":{"start":{"line":22,"column":8},"end":{"line":22,"column":null}},"2":{"start":{"line":23,"column":8},"end":{"line":23,"column":null}},"3":{"start":{"line":23,"column":52},"end":{"line":23,"column":74}},"4":{"start":{"line":25,"column":22},"end":{"line":29,"column":null}},"5":{"start":{"line":26,"column":4},"end":{"line":28,"column":null}},"6":{"start":{"line":27,"column":6},"end":{"line":27,"column":null}},"7":{"start":{"line":31,"column":28},"end":{"line":38,"column":null}},"8":{"start":{"line":32,"column":4},"end":{"line":32,"column":null}},"9":{"start":{"line":33,"column":4},"end":{"line":37,"column":null}},"10":{"start":{"line":34,"column":6},"end":{"line":34,"column":null}},"11":{"start":{"line":36,"column":6},"end":{"line":36,"column":null}},"12":{"start":{"line":40,"column":19},"end":{"line":40,"column":null}},"13":{"start":{"line":41,"column":17},"end":{"line":41,"column":null}},"14":{"start":{"line":43,"column":2},"end":{"line":66,"column":null}}},"fnMap":{"0":{"name":"(anonymous_0)","decl":{"start":{"line":16,"column":51},"end":{"line":16,"column":52}},"loc":{"start":{"line":21,"column":6},"end":{"line":68,"column":null}},"line":21},"1":{"name":"(anonymous_1)","decl":{"start":{"line":23,"column":41},"end":{"line":23,"column":42}},"loc":{"start":{"line":23,"column":52},"end":{"line":23,"column":74}},"line":23},"2":{"name":"(anonymous_2)","decl":{"start":{"line":25,"column":22},"end":{"line":25,"column":28}},"loc":{"start":{"line":25,"column":28},"end":{"line":29,"column":null}},"line":25},"3":{"name":"(anonymous_3)","decl":{"start":{"line":31,"column":28},"end":{"line":31,"column":34}},"loc":{"start":{"line":31,"column":34},"end":{"line":38,"column":null}},"line":31}},"branchMap":{"0":{"loc":{"start":{"line":19,"column":2},"end":{"line":19,"column":null}},"type":"default-arg","locations":[{"start":{"line":19,"column":22},"end":{"line":19,"column":null}}],"line":19},"1":{"loc":{"start":{"line":26,"column":4},"end":{"line":28,"column":null}},"type":"if","locations":[{"start":{"line":26,"column":4},"end":{"line":28,"column":null}},{"start":{},"end":{}}],"line":26},"2":{"loc":{"start":{"line":33,"column":4},"end":{"line":37,"column":null}},"type":"if","locations":[{"start":{"line":33,"column":4},"end":{"line":37,"column":null}},{"start":{"line":35,"column":11},"end":{"line":37,"column":null}}],"line":33},"3":{"loc":{"start":{"line":41,"column":17},"end":{"line":41,"column":null}},"type":"binary-expr","locations":[{"start":{"line":41,"column":17},"end":{"line":41,"column":50}},{"start":{"line":41,"column":50},"end":{"line":41,"column":null}}],"line":41},"4":{"loc":{"start":{"line":50,"column":27},"end":{"line":50,"column":60}},"type":"cond-expr","locations":[{"start":{"line":50,"column":38},"end":{"line":50,"column":50}},{"start":{"line":50,"column":50},"end":{"line":50,"column":60}}],"line":50},"5":{"loc":{"start":{"line":61,"column":43},"end":{"line":61,"column":93}},"type":"binary-expr","locations":[{"start":{"line":61,"column":43},"end":{"line":61,"column":76}},{"start":{"line":61,"column":76},"end":{"line":61,"column":93}}],"line":61}},"s":{"0":1,"1":12,"2":12,"3":37,"4":12,"5":1,"6":1,"7":12,"8":1,"9":1,"10":1,"11":0,"12":12,"13":12,"14":12},"f":{"0":12,"1":37,"2":1,"3":1},"b":{"0":[12],"1":[1,0],"2":[1,0],"3":[12,1],"4":[1,11],"5":[12,0]},"meta":{"lastBranch":6,"lastFunction":4,"lastStatement":15,"seen":{"s:16:51:68:Infinity":0,"f:16:51:16:52":0,"b:19:22:19:Infinity":0,"s:22:8:22:Infinity":1,"s:23:8:23:Infinity":2,"f:23:41:23:42":1,"s:23:52:23:74":3,"s:25:22:29:Infinity":4,"f:25:22:25:28":2,"b:26:4:28:Infinity:undefined:undefined:undefined:undefined":1,"s:26:4:28:Infinity":5,"s:27:6:27:Infinity":6,"s:31:28:38:Infinity":7,"f:31:28:31:34":3,"s:32:4:32:Infinity":8,"b:33:4:37:Infinity:35:11:37:Infinity":2,"s:33:4:37:Infinity":9,"s:34:6:34:Infinity":10,"s:36:6:36:Infinity":11,"s:40:19:40:Infinity":12,"s:41:17:41:Infinity":13,"b:41:17:41:50:41:50:41:Infinity":3,"s:43:2:66:Infinity":14,"b:50:38:50:50:50:50:50:60":4,"b:61:43:61:76:61:76:61:93":5}}}
,"/Users/raikenwolf/Documents/repos/minder-project/src/components/dashboard/TvCard.tsx": {"path":"/Users/raikenwolf/Documents/repos/minder-project/src/components/dashboard/TvCard.tsx","statementMap":{"0":{"start":{"line":16,"column":45},"end":{"line":68,"column":null}},"1":{"start":{"line":22,"column":8},"end":{"line":22,"column":null}},"2":{"start":{"line":23,"column":8},"end":{"line":23,"column":null}},"3":{"start":{"line":23,"column":50},"end":{"line":23,"column":73}},"4":{"start":{"line":25,"column":22},"end":{"line":29,"column":null}},"5":{"start":{"line":26,"column":4},"end":{"line":28,"column":null}},"6":{"start":{"line":27,"column":6},"end":{"line":27,"column":null}},"7":{"start":{"line":31,"column":28},"end":{"line":38,"column":null}},"8":{"start":{"line":32,"column":4},"end":{"line":32,"column":null}},"9":{"start":{"line":33,"column":4},"end":{"line":37,"column":null}},"10":{"start":{"line":34,"column":6},"end":{"line":34,"column":null}},"11":{"start":{"line":36,"column":6},"end":{"line":36,"column":null}},"12":{"start":{"line":40,"column":19},"end":{"line":40,"column":null}},"13":{"start":{"line":41,"column":17},"end":{"line":41,"column":null}},"14":{"start":{"line":43,"column":2},"end":{"line":66,"column":null}}},"fnMap":{"0":{"name":"(anonymous_0)","decl":{"start":{"line":16,"column":45},"end":{"line":16,"column":46}},"loc":{"start":{"line":21,"column":6},"end":{"line":68,"column":null}},"line":21},"1":{"name":"(anonymous_1)","decl":{"start":{"line":23,"column":39},"end":{"line":23,"column":40}},"loc":{"start":{"line":23,"column":50},"end":{"line":23,"column":73}},"line":23},"2":{"name":"(anonymous_2)","decl":{"start":{"line":25,"column":22},"end":{"line":25,"column":28}},"loc":{"start":{"line":25,"column":28},"end":{"line":29,"column":null}},"line":25},"3":{"name":"(anonymous_3)","decl":{"start":{"line":31,"column":28},"end":{"line":31,"column":34}},"loc":{"start":{"line":31,"column":34},"end":{"line":38,"column":null}},"line":31}},"branchMap":{"0":{"loc":{"start":{"line":19,"column":2},"end":{"line":19,"column":null}},"type":"default-arg","locations":[{"start":{"line":19,"column":22},"end":{"line":19,"column":null}}],"line":19},"1":{"loc":{"start":{"line":26,"column":4},"end":{"line":28,"column":null}},"type":"if","locations":[{"start":{"line":26,"column":4},"end":{"line":28,"column":null}},{"start":{},"end":{}}],"line":26},"2":{"loc":{"start":{"line":33,"column":4},"end":{"line":37,"column":null}},"type":"if","locations":[{"start":{"line":33,"column":4},"end":{"line":37,"column":null}},{"start":{"line":35,"column":11},"end":{"line":37,"column":null}}],"line":33},"3":{"loc":{"start":{"line":41,"column":17},"end":{"line":41,"column":null}},"type":"binary-expr","locations":[{"start":{"line":41,"column":17},"end":{"line":41,"column":51}},{"start":{"line":41,"column":51},"end":{"line":41,"column":null}}],"line":41},"4":{"loc":{"start":{"line":50,"column":27},"end":{"line":50,"column":60}},"type":"cond-expr","locations":[{"start":{"line":50,"column":38},"end":{"line":50,"column":50}},{"start":{"line":50,"column":50},"end":{"line":50,"column":60}}],"line":50},"5":{"loc":{"start":{"line":61,"column":43},"end":{"line":61,"column":94}},"type":"binary-expr","locations":[{"start":{"line":61,"column":43},"end":{"line":61,"column":77}},{"start":{"line":61,"column":77},"end":{"line":61,"column":94}}],"line":61}},"s":{"0":1,"1":11,"2":11,"3":34,"4":11,"5":1,"6":1,"7":11,"8":1,"9":1,"10":1,"11":0,"12":11,"13":11,"14":11},"f":{"0":11,"1":34,"2":1,"3":1},"b":{"0":[11],"1":[1,0],"2":[1,0],"3":[11,1],"4":[1,10],"5":[11,0]},"meta":{"lastBranch":6,"lastFunction":4,"lastStatement":15,"seen":{"s:16:45:68:Infinity":0,"f:16:45:16:46":0,"b:19:22:19:Infinity":0,"s:22:8:22:Infinity":1,"s:23:8:23:Infinity":2,"f:23:39:23:40":1,"s:23:50:23:73":3,"s:25:22:29:Infinity":4,"f:25:22:25:28":2,"b:26:4:28:Infinity:undefined:undefined:undefined:undefined":1,"s:26:4:28:Infinity":5,"s:27:6:27:Infinity":6,"s:31:28:38:Infinity":7,"f:31:28:31:34":3,"s:32:4:32:Infinity":8,"b:33:4:37:Infinity:35:11:37:Infinity":2,"s:33:4:37:Infinity":9,"s:34:6:34:Infinity":10,"s:36:6:36:Infinity":11,"s:40:19:40:Infinity":12,"s:41:17:41:Infinity":13,"b:41:17:41:51:41:51:41:Infinity":3,"s:43:2:66:Infinity":14,"b:50:38:50:50:50:50:50:60":4,"b:61:43:61:77:61:77:61:94":5}}}
,"/Users/raikenwolf/Documents/repos/minder-project/src/services/config.ts": {"path":"/Users/raikenwolf/Documents/repos/minder-project/src/services/config.ts","statementMap":{"0":{"start":{"line":1,"column":27},"end":{"line":3,"column":null}},"1":{"start":{"line":5,"column":28},"end":{"line":11,"column":null}},"2":{"start":{"line":13,"column":27},"end":{"line":17,"column":null}},"3":{"start":{"line":19,"column":21},"end":{"line":19,"column":null}},"4":{"start":{"line":19,"column":59},"end":{"line":19,"column":67}}},"fnMap":{"0":{"name":"(anonymous_0)","decl":{"start":{"line":19,"column":49},"end":{"line":19,"column":50}},"loc":{"start":{"line":19,"column":59},"end":{"line":19,"column":67}},"line":19}},"branchMap":{},"s":{"0":5,"1":5,"2":5,"3":5,"4":635},"f":{"0":635},"b":{},"meta":{"lastBranch":0,"lastFunction":1,"lastStatement":5,"seen":{"s:1:27:3:Infinity":0,"s:5:28:11:Infinity":1,"s:13:27:17:Infinity":2,"s:19:21:19:Infinity":3,"f:19:49:19:50":0,"s:19:59:19:67":4}}}
,"/Users/raikenwolf/Documents/repos/minder-project/src/services/tmdbService.ts": {"path":"/Users/raikenwolf/Documents/repos/minder-project/src/services/tmdbService.ts","statementMap":{"0":{"start":{"line":12,"column":12},"end":{"line":17,"column":null}},"1":{"start":{"line":30,"column":29},"end":{"line":36,"column":null}},"2":{"start":{"line":38,"column":24},"end":{"line":64,"column":null}},"3":{"start":{"line":39,"column":37},"end":{"line":39,"column":null}},"4":{"start":{"line":41,"column":2},"end":{"line":45,"column":null}},"5":{"start":{"line":42,"column":4},"end":{"line":42,"column":null}},"6":{"start":{"line":44,"column":4},"end":{"line":44,"column":null}},"7":{"start":{"line":47,"column":2},"end":{"line":52,"column":null}},"8":{"start":{"line":48,"column":17},"end":{"line":48,"column":null}},"9":{"start":{"line":49,"column":4},"end":{"line":51,"column":null}},"10":{"start":{"line":50,"column":6},"end":{"line":50,"column":null}},"11":{"start":{"line":54,"column":2},"end":{"line":61,"column":null}},"12":{"start":{"line":55,"column":19},"end":{"line":57,"column":null}},"13":{"start":{"line":58,"column":4},"end":{"line":60,"column":null}},"14":{"start":{"line":59,"column":6},"end":{"line":59,"column":null}},"15":{"start":{"line":63,"column":2},"end":{"line":63,"column":null}},"16":{"start":{"line":66,"column":23},"end":{"line":77,"column":null}},"17":{"start":{"line":66,"column":55},"end":{"line":77,"column":null}},"18":{"start":{"line":79,"column":27},"end":{"line":204,"column":null}},"19":{"start":{"line":82,"column":21},"end":{"line":89,"column":null}},"20":{"start":{"line":90,"column":4},"end":{"line":93,"column":null}},"21":{"start":{"line":97,"column":22},"end":{"line":97,"column":null}},"22":{"start":{"line":98,"column":32},"end":{"line":103,"column":null}},"23":{"start":{"line":105,"column":4},"end":{"line":108,"column":null}},"24":{"start":{"line":106,"column":6},"end":{"line":106,"column":null}},"25":{"start":{"line":107,"column":6},"end":{"line":107,"column":null}},"26":{"start":{"line":110,"column":4},"end":{"line":112,"column":null}},"27":{"start":{"line":111,"column":6},"end":{"line":111,"column":null}},"28":{"start":{"line":114,"column":21},"end":{"line":114,"column":null}},"29":{"start":{"line":115,"column":4},"end":{"line":118,"column":null}},"30":{"start":{"line":122,"column":21},"end":{"line":122,"column":null}},"31":{"start":{"line":123,"column":4},"end":{"line":125,"column":null}},"32":{"start":{"line":124,"column":48},"end":{"line":124,"column":61}},"33":{"start":{"line":130,"column":21},"end":{"line":137,"column":null}},"34":{"start":{"line":138,"column":4},"end":{"line":141,"column":null}},"35":{"start":{"line":145,"column":22},"end":{"line":145,"column":null}},"36":{"start":{"line":146,"column":32},"end":{"line":151,"column":null}},"37":{"start":{"line":153,"column":4},"end":{"line":156,"column":null}},"38":{"start":{"line":154,"column":6},"end":{"line":154,"column":null}},"39":{"start":{"line":155,"column":6},"end":{"line":155,"column":null}},"40":{"start":{"line":158,"column":4},"end":{"line":160,"column":null}},"41":{"start":{"line":159,"column":6},"end":{"line":159,"column":null}},"42":{"start":{"line":162,"column":21},"end":{"line":162,"column":null}},"43":{"start":{"line":163,"column":4},"end":{"line":166,"column":null}},"44":{"start":{"line":170,"column":21},"end":{"line":170,"column":null}},"45":{"start":{"line":171,"column":4},"end":{"line":173,"column":null}},"46":{"start":{"line":172,"column":48},"end":{"line":172,"column":61}},"47":{"start":{"line":178,"column":21},"end":{"line":180,"column":null}},"48":{"start":{"line":181,"column":4},"end":{"line":184,"column":null}},"49":{"start":{"line":189,"column":21},"end":{"line":189,"column":null}},"50":{"start":{"line":190,"column":4},"end":{"line":190,"column":null}},"51":{"start":{"line":195,"column":21},"end":{"line":195,"column":null}},"52":{"start":{"line":196,"column":4},"end":{"line":196,"column":null}},"53":{"start":{"line":201,"column":4},"end":{"line":201,"column":null}},"54":{"start":{"line":201,"column":21},"end":{"line":201,"column":null}},"55":{"start":{"line":202,"column":4},"end":{"line":202,"column":null}}},"fnMap":{"0":{"name":"(anonymous_0)","decl":{"start":{"line":38,"column":24},"end":{"line":38,"column":25}},"loc":{"start":{"line":38,"column":71},"end":{"line":64,"column":null}},"line":38},"1":{"name":"(anonymous_1)","decl":{"start":{"line":66,"column":23},"end":{"line":66,"column":24}},"loc":{"start":{"line":66,"column":55},"end":{"line":77,"column":null}},"line":66},"2":{"name":"(anonymous_2)","decl":{"start":{"line":81,"column":20},"end":{"line":81,"column":27}},"loc":{"start":{"line":81,"column":42},"end":{"line":94,"column":null}},"line":81},"3":{"name":"(anonymous_3)","decl":{"start":{"line":96,"column":18},"end":{"line":96,"column":25}},"loc":{"start":{"line":96,"column":54},"end":{"line":119,"column":null}},"line":96},"4":{"name":"(anonymous_4)","decl":{"start":{"line":121,"column":18},"end":{"line":121,"column":30}},"loc":{"start":{"line":121,"column":30},"end":{"line":126,"column":null}},"line":121},"5":{"name":"(anonymous_5)","decl":{"start":{"line":124,"column":39},"end":{"line":124,"column":40}},"loc":{"start":{"line":124,"column":48},"end":{"line":124,"column":61}},"line":124},"6":{"name":"(anonymous_6)","decl":{"start":{"line":129,"column":21},"end":{"line":129,"column":28}},"loc":{"start":{"line":129,"column":43},"end":{"line":142,"column":null}},"line":129},"7":{"name":"(anonymous_7)","decl":{"start":{"line":144,"column":14},"end":{"line":144,"column":21}},"loc":{"start":{"line":144,"column":50},"end":{"line":167,"column":null}},"line":144},"8":{"name":"(anonymous_8)","decl":{"start":{"line":169,"column":15},"end":{"line":169,"column":27}},"loc":{"start":{"line":169,"column":27},"end":{"line":174,"column":null}},"line":169},"9":{"name":"(anonymous_9)","decl":{"start":{"line":172,"column":39},"end":{"line":172,"column":40}},"loc":{"start":{"line":172,"column":48},"end":{"line":172,"column":61}},"line":172},"10":{"name":"(anonymous_10)","decl":{"start":{"line":177,"column":16},"end":{"line":177,"column":23}},"loc":{"start":{"line":177,"column":53},"end":{"line":185,"column":null}},"line":177},"11":{"name":"(anonymous_11)","decl":{"start":{"line":188,"column":12},"end":{"line":188,"column":19}},"loc":{"start":{"line":188,"column":39},"end":{"line":191,"column":null}},"line":188},"12":{"name":"(anonymous_12)","decl":{"start":{"line":194,"column":19},"end":{"line":194,"column":26}},"loc":{"start":{"line":194,"column":46},"end":{"line":197,"column":null}},"line":194},"13":{"name":"(anonymous_13)","decl":{"start":{"line":200,"column":15},"end":{"line":200,"column":16}},"loc":{"start":{"line":200,"column":45},"end":{"line":203,"column":null}},"line":200}},"branchMap":{"0":{"loc":{"start":{"line":41,"column":2},"end":{"line":45,"column":null}},"type":"if","locations":[{"start":{"line":41,"column":2},"end":{"line":45,"column":null}},{"start":{"line":43,"column":9},"end":{"line":45,"column":null}}],"line":41},"1":{"loc":{"start":{"line":41,"column":6},"end":{"line":41,"column":73}},"type":"binary-expr","locations":[{"start":{"line":41,"column":6},"end":{"line":41,"column":25}},{"start":{"line":41,"column":25},"end":{"line":41,"column":73}}],"line":41},"2":{"loc":{"start":{"line":47,"column":2},"end":{"line":52,"column":null}},"type":"if","locations":[{"start":{"line":47,"column":2},"end":{"line":52,"column":null}},{"start":{},"end":{}}],"line":47},"3":{"loc":{"start":{"line":49,"column":4},"end":{"line":51,"column":null}},"type":"if","locations":[{"start":{"line":49,"column":4},"end":{"line":51,"column":null}},{"start":{},"end":{}}],"line":49},"4":{"loc":{"start":{"line":49,"column":8},"end":{"line":49,"column":78}},"type":"binary-expr","locations":[{"start":{"line":49,"column":8},"end":{"line":49,"column":24}},{"start":{"line":49,"column":24},"end":{"line":49,"column":40}},{"start":{"line":49,"column":40},"end":{"line":49,"column":78}}],"line":49},"5":{"loc":{"start":{"line":54,"column":2},"end":{"line":61,"column":null}},"type":"if","locations":[{"start":{"line":54,"column":2},"end":{"line":61,"column":null}},{"start":{},"end":{}}],"line":54},"6":{"loc":{"start":{"line":55,"column":19},"end":{"line":57,"column":null}},"type":"cond-expr","locations":[{"start":{"line":56,"column":8},"end":{"line":56,"column":null}},{"start":{"line":57,"column":8},"end":{"line":57,"column":null}}],"line":55},"7":{"loc":{"start":{"line":58,"column":4},"end":{"line":60,"column":null}},"type":"if","locations":[{"start":{"line":58,"column":4},"end":{"line":60,"column":null}},{"start":{},"end":{}}],"line":58},"8":{"loc":{"start":{"line":70,"column":16},"end":{"line":70,"column":null}},"type":"binary-expr","locations":[{"start":{"line":70,"column":16},"end":{"line":70,"column":37}},{"start":{"line":70,"column":37},"end":{"line":70,"column":null}}],"line":70},"9":{"loc":{"start":{"line":75,"column":10},"end":{"line":75,"column":null}},"type":"binary-expr","locations":[{"start":{"line":75,"column":10},"end":{"line":75,"column":25}},{"start":{"line":75,"column":25},"end":{"line":75,"column":null}}],"line":75},"10":{"loc":{"start":{"line":81,"column":27},"end":{"line":81,"column":42}},"type":"default-arg","locations":[{"start":{"line":81,"column":35},"end":{"line":81,"column":42}}],"line":81},"11":{"loc":{"start":{"line":92,"column":15},"end":{"line":92,"column":null}},"type":"binary-expr","locations":[{"start":{"line":92,"column":15},"end":{"line":92,"column":51}},{"start":{"line":92,"column":51},"end":{"line":92,"column":null}}],"line":92},"12":{"loc":{"start":{"line":100,"column":14},"end":{"line":100,"column":null}},"type":"binary-expr","locations":[{"start":{"line":100,"column":14},"end":{"line":100,"column":35}},{"start":{"line":100,"column":35},"end":{"line":100,"column":null}}],"line":100},"13":{"loc":{"start":{"line":105,"column":4},"end":{"line":108,"column":null}},"type":"if","locations":[{"start":{"line":105,"column":4},"end":{"line":108,"column":null}},{"start":{},"end":{}}],"line":105},"14":{"loc":{"start":{"line":110,"column":4},"end":{"line":112,"column":null}},"type":"if","locations":[{"start":{"line":110,"column":4},"end":{"line":112,"column":null}},{"start":{},"end":{}}],"line":110},"15":{"loc":{"start":{"line":117,"column":15},"end":{"line":117,"column":null}},"type":"binary-expr","locations":[{"start":{"line":117,"column":15},"end":{"line":117,"column":51}},{"start":{"line":117,"column":51},"end":{"line":117,"column":null}}],"line":117},"16":{"loc":{"start":{"line":124,"column":14},"end":{"line":124,"column":null}},"type":"binary-expr","locations":[{"start":{"line":124,"column":14},"end":{"line":124,"column":66}},{"start":{"line":124,"column":66},"end":{"line":124,"column":null}}],"line":124},"17":{"loc":{"start":{"line":129,"column":28},"end":{"line":129,"column":43}},"type":"default-arg","locations":[{"start":{"line":129,"column":36},"end":{"line":129,"column":43}}],"line":129},"18":{"loc":{"start":{"line":140,"column":15},"end":{"line":140,"column":null}},"type":"binary-expr","locations":[{"start":{"line":140,"column":15},"end":{"line":140,"column":51}},{"start":{"line":140,"column":51},"end":{"line":140,"column":null}}],"line":140},"19":{"loc":{"start":{"line":148,"column":14},"end":{"line":148,"column":null}},"type":"binary-expr","locations":[{"start":{"line":148,"column":14},"end":{"line":148,"column":35}},{"start":{"line":148,"column":35},"end":{"line":148,"column":null}}],"line":148},"20":{"loc":{"start":{"line":153,"column":4},"end":{"line":156,"column":null}},"type":"if","locations":[{"start":{"line":153,"column":4},"end":{"line":156,"column":null}},{"start":{},"end":{}}],"line":153},"21":{"loc":{"start":{"line":158,"column":4},"end":{"line":160,"column":null}},"type":"if","locations":[{"start":{"line":158,"column":4},"end":{"line":160,"column":null}},{"start":{},"end":{}}],"line":158},"22":{"loc":{"start":{"line":165,"column":15},"end":{"line":165,"column":null}},"type":"binary-expr","locations":[{"start":{"line":165,"column":15},"end":{"line":165,"column":51}},{"start":{"line":165,"column":51},"end":{"line":165,"column":null}}],"line":165},"23":{"loc":{"start":{"line":172,"column":14},"end":{"line":172,"column":null}},"type":"binary-expr","locations":[{"start":{"line":172,"column":14},"end":{"line":172,"column":66}},{"start":{"line":172,"column":66},"end":{"line":172,"column":null}}],"line":172},"24":{"loc":{"start":{"line":177,"column":38},"end":{"line":177,"column":53}},"type":"default-arg","locations":[{"start":{"line":177,"column":46},"end":{"line":177,"column":53}}],"line":177},"25":{"loc":{"start":{"line":183,"column":15},"end":{"line":183,"column":null}},"type":"binary-expr","locations":[{"start":{"line":183,"column":15},"end":{"line":183,"column":51}},{"start":{"line":183,"column":51},"end":{"line":183,"column":null}}],"line":183},"26":{"loc":{"start":{"line":201,"column":4},"end":{"line":201,"column":null}},"type":"if","locations":[{"start":{"line":201,"column":4},"end":{"line":201,"column":null}},{"start":{},"end":{}}],"line":201}},"s":{"0":5,"1":5,"2":5,"3":10,"4":10,"5":2,"6":8,"7":10,"8":4,"9":4,"10":2,"11":10,"12":2,"13":2,"14":0,"15":10,"16":5,"17":17,"18":5,"19":2,"20":2,"21":8,"22":8,"23":8,"24":1,"25":1,"26":8,"27":0,"28":8,"29":8,"30":1,"31":1,"32":1,"33":1,"34":1,"35":2,"36":2,"37":2,"38":1,"39":1,"40":2,"41":0,"42":2,"43":2,"44":1,"45":1,"46":1,"47":2,"48":2,"49":2,"50":2,"51":1,"52":1,"53":27,"54":3,"55":24},"f":{"0":10,"1":17,"2":2,"3":8,"4":1,"5":1,"6":1,"7":2,"8":1,"9":1,"10":2,"11":2,"12":1,"13":27},"b":{"0":[2,8],"1":[10,3],"2":[4,6],"3":[2,2],"4":[4,4,3],"5":[2,8],"6":[2,0],"7":[0,2],"8":[17,0],"9":[17,0],"10":[2],"11":[2,0],"12":[8,0],"13":[1,7],"14":[0,8],"15":[8,0],"16":[1,0],"17":[1],"18":[1,0],"19":[2,0],"20":[1,1],"21":[0,2],"22":[2,0],"23":[1,0],"24":[2],"25":[2,0],"26":[3,24]},"meta":{"lastBranch":27,"lastFunction":14,"lastStatement":56,"seen":{"s:12:12:17:Infinity":0,"s:30:29:36:Infinity":1,"s:38:24:64:Infinity":2,"f:38:24:38:25":0,"s:39:37:39:Infinity":3,"b:41:2:45:Infinity:43:9:45:Infinity":0,"s:41:2:45:Infinity":4,"b:41:6:41:25:41:25:41:73":1,"s:42:4:42:Infinity":5,"s:44:4:44:Infinity":6,"b:47:2:52:Infinity:undefined:undefined:undefined:undefined":2,"s:47:2:52:Infinity":7,"s:48:17:48:Infinity":8,"b:49:4:51:Infinity:undefined:undefined:undefined:undefined":3,"s:49:4:51:Infinity":9,"b:49:8:49:24:49:24:49:40:49:40:49:78":4,"s:50:6:50:Infinity":10,"b:54:2:61:Infinity:undefined:undefined:undefined:undefined":5,"s:54:2:61:Infinity":11,"s:55:19:57:Infinity":12,"b:56:8:56:Infinity:57:8:57:Infinity":6,"b:58:4:60:Infinity:undefined:undefined:undefined:undefined":7,"s:58:4:60:Infinity":13,"s:59:6:59:Infinity":14,"s:63:2:63:Infinity":15,"s:66:23:77:Infinity":16,"f:66:23:66:24":1,"s:66:55:77:Infinity":17,"b:70:16:70:37:70:37:70:Infinity":8,"b:75:10:75:25:75:25:75:Infinity":9,"s:79:27:204:Infinity":18,"f:81:20:81:27":2,"b:81:35:81:42":10,"s:82:21:89:Infinity":19,"s:90:4:93:Infinity":20,"b:92:15:92:51:92:51:92:Infinity":11,"f:96:18:96:25":3,"s:97:22:97:Infinity":21,"s:98:32:103:Infinity":22,"b:100:14:100:35:100:35:100:Infinity":12,"b:105:4:108:Infinity:undefined:undefined:undefined:undefined":13,"s:105:4:108:Infinity":23,"s:106:6:106:Infinity":24,"s:107:6:107:Infinity":25,"b:110:4:112:Infinity:undefined:undefined:undefined:undefined":14,"s:110:4:112:Infinity":26,"s:111:6:111:Infinity":27,"s:114:21:114:Infinity":28,"s:115:4:118:Infinity":29,"b:117:15:117:51:117:51:117:Infinity":15,"f:121:18:121:30":4,"s:122:21:122:Infinity":30,"s:123:4:125:Infinity":31,"b:124:14:124:66:124:66:124:Infinity":16,"f:124:39:124:40":5,"s:124:48:124:61":32,"f:129:21:129:28":6,"b:129:36:129:43":17,"s:130:21:137:Infinity":33,"s:138:4:141:Infinity":34,"b:140:15:140:51:140:51:140:Infinity":18,"f:144:14:144:21":7,"s:145:22:145:Infinity":35,"s:146:32:151:Infinity":36,"b:148:14:148:35:148:35:148:Infinity":19,"b:153:4:156:Infinity:undefined:undefined:undefined:undefined":20,"s:153:4:156:Infinity":37,"s:154:6:154:Infinity":38,"s:155:6:155:Infinity":39,"b:158:4:160:Infinity:undefined:undefined:undefined:undefined":21,"s:158:4:160:Infinity":40,"s:159:6:159:Infinity":41,"s:162:21:162:Infinity":42,"s:163:4:166:Infinity":43,"b:165:15:165:51:165:51:165:Infinity":22,"f:169:15:169:27":8,"s:170:21:170:Infinity":44,"s:171:4:173:Infinity":45,"b:172:14:172:66:172:66:172:Infinity":23,"f:172:39:172:40":9,"s:172:48:172:61":46,"f:177:16:177:23":10,"b:177:46:177:53":24,"s:178:21:180:Infinity":47,"s:181:4:184:Infinity":48,"b:183:15:183:51:183:51:183:Infinity":25,"f:188:12:188:19":11,"s:189:21:189:Infinity":49,"s:190:4:190:Infinity":50,"f:194:19:194:26":12,"s:195:21:195:Infinity":51,"s:196:4:196:Infinity":52,"f:200:15:200:16":13,"b:201:4:201:Infinity:undefined:undefined:undefined:undefined":26,"s:201:4:201:Infinity":53,"s:201:21:201:Infinity":54,"s:202:4:202:Infinity":55}}}
,"/Users/raikenwolf/Documents/repos/minder-project/src/store/movieStore.ts": {"path":"/Users/raikenwolf/Documents/repos/minder-project/src/store/movieStore.ts","statementMap":{"0":{"start":{"line":26,"column":13},"end":{"line":115,"column":null}},"1":{"start":{"line":26,"column":58},"end":{"line":115,"column":2}},"2":{"start":{"line":37,"column":4},"end":{"line":37,"column":null}},"3":{"start":{"line":38,"column":4},"end":{"line":48,"column":null}},"4":{"start":{"line":39,"column":23},"end":{"line":39,"column":null}},"5":{"start":{"line":40,"column":6},"end":{"line":43,"column":null}},"6":{"start":{"line":45,"column":6},"end":{"line":45,"column":null}},"7":{"start":{"line":47,"column":6},"end":{"line":47,"column":null}},"8":{"start":{"line":52,"column":4},"end":{"line":52,"column":null}},"9":{"start":{"line":53,"column":4},"end":{"line":65,"column":null}},"10":{"start":{"line":54,"column":23},"end":{"line":56,"column":null}},"11":{"start":{"line":57,"column":6},"end":{"line":60,"column":null}},"12":{"start":{"line":62,"column":6},"end":{"line":62,"column":null}},"13":{"start":{"line":64,"column":6},"end":{"line":64,"column":null}},"14":{"start":{"line":69,"column":4},"end":{"line":74,"column":null}},"15":{"start":{"line":70,"column":23},"end":{"line":70,"column":null}},"16":{"start":{"line":71,"column":6},"end":{"line":71,"column":null}},"17":{"start":{"line":73,"column":6},"end":{"line":73,"column":null}},"18":{"start":{"line":78,"column":4},"end":{"line":78,"column":null}},"19":{"start":{"line":79,"column":4},"end":{"line":92,"column":null}},"20":{"start":{"line":80,"column":23},"end":{"line":83,"column":null}},"21":{"start":{"line":84,"column":6},"end":{"line":87,"column":null}},"22":{"start":{"line":89,"column":6},"end":{"line":89,"column":null}},"23":{"start":{"line":91,"column":6},"end":{"line":91,"column":null}},"24":{"start":{"line":96,"column":4},"end":{"line":96,"column":null}},"25":{"start":{"line":97,"column":4},"end":{"line":107,"column":null}},"26":{"start":{"line":98,"column":23},"end":{"line":98,"column":null}},"27":{"start":{"line":99,"column":6},"end":{"line":102,"column":null}},"28":{"start":{"line":104,"column":6},"end":{"line":104,"column":null}},"29":{"start":{"line":106,"column":6},"end":{"line":106,"column":null}},"30":{"start":{"line":110,"column":31},"end":{"line":110,"column":null}},"31":{"start":{"line":112,"column":23},"end":{"line":112,"column":null}},"32":{"start":{"line":114,"column":21},"end":{"line":114,"column":null}}},"fnMap":{"0":{"name":"(anonymous_0)","decl":{"start":{"line":26,"column":48},"end":{"line":26,"column":49}},"loc":{"start":{"line":26,"column":58},"end":{"line":115,"column":2}},"line":26},"1":{"name":"(anonymous_1)","decl":{"start":{"line":36,"column":22},"end":{"line":36,"column":34}},"loc":{"start":{"line":36,"column":34},"end":{"line":49,"column":null}},"line":36},"2":{"name":"(anonymous_2)","decl":{"start":{"line":51,"column":21},"end":{"line":51,"column":33}},"loc":{"start":{"line":51,"column":33},"end":{"line":66,"column":null}},"line":51},"3":{"name":"(anonymous_3)","decl":{"start":{"line":68,"column":20},"end":{"line":68,"column":32}},"loc":{"start":{"line":68,"column":32},"end":{"line":75,"column":null}},"line":68},"4":{"name":"(anonymous_4)","decl":{"start":{"line":77,"column":18},"end":{"line":77,"column":25}},"loc":{"start":{"line":77,"column":54},"end":{"line":93,"column":null}},"line":77},"5":{"name":"(anonymous_5)","decl":{"start":{"line":95,"column":16},"end":{"line":95,"column":23}},"loc":{"start":{"line":95,"column":41},"end":{"line":108,"column":null}},"line":95},"6":{"name":"(anonymous_6)","decl":{"start":{"line":110,"column":20},"end":{"line":110,"column":21}},"loc":{"start":{"line":110,"column":31},"end":{"line":110,"column":null}},"line":110},"7":{"name":"(anonymous_7)","decl":{"start":{"line":112,"column":12},"end":{"line":112,"column":13}},"loc":{"start":{"line":112,"column":23},"end":{"line":112,"column":null}},"line":112},"8":{"name":"(anonymous_8)","decl":{"start":{"line":114,"column":15},"end":{"line":114,"column":21}},"loc":{"start":{"line":114,"column":21},"end":{"line":114,"column":null}},"line":114}},"branchMap":{"0":{"loc":{"start":{"line":41,"column":16},"end":{"line":41,"column":null}},"type":"binary-expr","locations":[{"start":{"line":41,"column":16},"end":{"line":41,"column":36}},{"start":{"line":41,"column":36},"end":{"line":41,"column":null}}],"line":41},"1":{"loc":{"start":{"line":58,"column":22},"end":{"line":58,"column":null}},"type":"binary-expr","locations":[{"start":{"line":58,"column":22},"end":{"line":58,"column":42}},{"start":{"line":58,"column":42},"end":{"line":58,"column":null}}],"line":58},"2":{"loc":{"start":{"line":81,"column":17},"end":{"line":81,"column":null}},"type":"binary-expr","locations":[{"start":{"line":81,"column":17},"end":{"line":81,"column":36}},{"start":{"line":81,"column":36},"end":{"line":81,"column":null}}],"line":81},"3":{"loc":{"start":{"line":85,"column":16},"end":{"line":85,"column":null}},"type":"binary-expr","locations":[{"start":{"line":85,"column":16},"end":{"line":85,"column":36}},{"start":{"line":85,"column":36},"end":{"line":85,"column":null}}],"line":85},"4":{"loc":{"start":{"line":100,"column":16},"end":{"line":100,"column":null}},"type":"binary-expr","locations":[{"start":{"line":100,"column":16},"end":{"line":100,"column":36}},{"start":{"line":100,"column":36},"end":{"line":100,"column":null}}],"line":100}},"s":{"0":2,"1":2,"2":0,"3":0,"4":0,"5":0,"6":0,"7":0,"8":0,"9":0,"10":0,"11":0,"12":0,"13":0,"14":0,"15":0,"16":0,"17":0,"18":0,"19":0,"20":0,"21":0,"22":0,"23":0,"24":0,"25":0,"26":0,"27":0,"28":0,"29":0,"30":3,"31":2,"32":1},"f":{"0":2,"1":0,"2":0,"3":0,"4":0,"5":0,"6":3,"7":2,"8":1},"b":{"0":[0,0],"1":[0,0],"2":[0,0],"3":[0,0],"4":[0,0]},"meta":{"lastBranch":5,"lastFunction":9,"lastStatement":33,"seen":{"s:26:13:115:Infinity":0,"f:26:48:26:49":0,"s:26:58:115:2":1,"f:36:22:36:34":1,"s:37:4:37:Infinity":2,"s:38:4:48:Infinity":3,"s:39:23:39:Infinity":4,"s:40:6:43:Infinity":5,"b:41:16:41:36:41:36:41:Infinity":0,"s:45:6:45:Infinity":6,"s:47:6:47:Infinity":7,"f:51:21:51:33":2,"s:52:4:52:Infinity":8,"s:53:4:65:Infinity":9,"s:54:23:56:Infinity":10,"s:57:6:60:Infinity":11,"b:58:22:58:42:58:42:58:Infinity":1,"s:62:6:62:Infinity":12,"s:64:6:64:Infinity":13,"f:68:20:68:32":3,"s:69:4:74:Infinity":14,"s:70:23:70:Infinity":15,"s:71:6:71:Infinity":16,"s:73:6:73:Infinity":17,"f:77:18:77:25":4,"s:78:4:78:Infinity":18,"s:79:4:92:Infinity":19,"s:80:23:83:Infinity":20,"b:81:17:81:36:81:36:81:Infinity":2,"s:84:6:87:Infinity":21,"b:85:16:85:36:85:36:85:Infinity":3,"s:89:6:89:Infinity":22,"s:91:6:91:Infinity":23,"f:95:16:95:23":5,"s:96:4:96:Infinity":24,"s:97:4:107:Infinity":25,"s:98:23:98:Infinity":26,"s:99:6:102:Infinity":27,"b:100:16:100:36:100:36:100:Infinity":4,"s:104:6:104:Infinity":28,"s:106:6:106:Infinity":29,"f:110:20:110:21":6,"s:110:31:110:Infinity":30,"f:112:12:112:13":7,"s:112:23:112:Infinity":31,"f:114:15:114:21":8,"s:114:21:114:Infinity":32}}}
,"/Users/raikenwolf/Documents/repos/minder-project/src/store/tvStore.ts": {"path":"/Users/raikenwolf/Documents/repos/minder-project/src/store/tvStore.ts","statementMap":{"0":{"start":{"line":26,"column":13},"end":{"line":115,"column":null}},"1":{"start":{"line":26,"column":52},"end":{"line":115,"column":2}},"2":{"start":{"line":37,"column":4},"end":{"line":37,"column":null}},"3":{"start":{"line":38,"column":4},"end":{"line":48,"column":null}},"4":{"start":{"line":39,"column":23},"end":{"line":39,"column":null}},"5":{"start":{"line":40,"column":6},"end":{"line":43,"column":null}},"6":{"start":{"line":45,"column":6},"end":{"line":45,"column":null}},"7":{"start":{"line":47,"column":6},"end":{"line":47,"column":null}},"8":{"start":{"line":52,"column":4},"end":{"line":52,"column":null}},"9":{"start":{"line":53,"column":4},"end":{"line":65,"column":null}},"10":{"start":{"line":54,"column":23},"end":{"line":56,"column":null}},"11":{"start":{"line":57,"column":6},"end":{"line":60,"column":null}},"12":{"start":{"line":62,"column":6},"end":{"line":62,"column":null}},"13":{"start":{"line":64,"column":6},"end":{"line":64,"column":null}},"14":{"start":{"line":69,"column":4},"end":{"line":74,"column":null}},"15":{"start":{"line":70,"column":23},"end":{"line":70,"column":null}},"16":{"start":{"line":71,"column":6},"end":{"line":71,"column":null}},"17":{"start":{"line":73,"column":6},"end":{"line":73,"column":null}},"18":{"start":{"line":78,"column":4},"end":{"line":78,"column":null}},"19":{"start":{"line":79,"column":4},"end":{"line":92,"column":null}},"20":{"start":{"line":80,"column":23},"end":{"line":83,"column":null}},"21":{"start":{"line":84,"column":6},"end":{"line":87,"column":null}},"22":{"start":{"line":89,"column":6},"end":{"line":89,"column":null}},"23":{"start":{"line":91,"column":6},"end":{"line":91,"column":null}},"24":{"start":{"line":96,"column":4},"end":{"line":96,"column":null}},"25":{"start":{"line":97,"column":4},"end":{"line":107,"column":null}},"26":{"start":{"line":98,"column":23},"end":{"line":98,"column":null}},"27":{"start":{"line":99,"column":6},"end":{"line":102,"column":null}},"28":{"start":{"line":104,"column":6},"end":{"line":104,"column":null}},"29":{"start":{"line":106,"column":6},"end":{"line":106,"column":null}},"30":{"start":{"line":110,"column":33},"end":{"line":110,"column":null}},"31":{"start":{"line":112,"column":23},"end":{"line":112,"column":null}},"32":{"start":{"line":114,"column":22},"end":{"line":114,"column":null}}},"fnMap":{"0":{"name":"(anonymous_0)","decl":{"start":{"line":26,"column":42},"end":{"line":26,"column":43}},"loc":{"start":{"line":26,"column":52},"end":{"line":115,"column":2}},"line":26},"1":{"name":"(anonymous_1)","decl":{"start":{"line":36,"column":23},"end":{"line":36,"column":35}},"loc":{"start":{"line":36,"column":35},"end":{"line":49,"column":null}},"line":36},"2":{"name":"(anonymous_2)","decl":{"start":{"line":51,"column":22},"end":{"line":51,"column":34}},"loc":{"start":{"line":51,"column":34},"end":{"line":66,"column":null}},"line":51},"3":{"name":"(anonymous_3)","decl":{"start":{"line":68,"column":17},"end":{"line":68,"column":29}},"loc":{"start":{"line":68,"column":29},"end":{"line":75,"column":null}},"line":68},"4":{"name":"(anonymous_4)","decl":{"start":{"line":77,"column":19},"end":{"line":77,"column":26}},"loc":{"start":{"line":77,"column":55},"end":{"line":93,"column":null}},"line":77},"5":{"name":"(anonymous_5)","decl":{"start":{"line":95,"column":17},"end":{"line":95,"column":24}},"loc":{"start":{"line":95,"column":42},"end":{"line":108,"column":null}},"line":95},"6":{"name":"(anonymous_6)","decl":{"start":{"line":110,"column":21},"end":{"line":110,"column":22}},"loc":{"start":{"line":110,"column":33},"end":{"line":110,"column":null}},"line":110},"7":{"name":"(anonymous_7)","decl":{"start":{"line":112,"column":12},"end":{"line":112,"column":13}},"loc":{"start":{"line":112,"column":23},"end":{"line":112,"column":null}},"line":112},"8":{"name":"(anonymous_8)","decl":{"start":{"line":114,"column":16},"end":{"line":114,"column":22}},"loc":{"start":{"line":114,"column":22},"end":{"line":114,"column":null}},"line":114}},"branchMap":{"0":{"loc":{"start":{"line":41,"column":17},"end":{"line":41,"column":null}},"type":"binary-expr","locations":[{"start":{"line":41,"column":17},"end":{"line":41,"column":37}},{"start":{"line":41,"column":37},"end":{"line":41,"column":null}}],"line":41},"1":{"loc":{"start":{"line":58,"column":23},"end":{"line":58,"column":null}},"type":"binary-expr","locations":[{"start":{"line":58,"column":23},"end":{"line":58,"column":43}},{"start":{"line":58,"column":43},"end":{"line":58,"column":null}}],"line":58},"2":{"loc":{"start":{"line":81,"column":17},"end":{"line":81,"column":null}},"type":"binary-expr","locations":[{"start":{"line":81,"column":17},"end":{"line":81,"column":36}},{"start":{"line":81,"column":36},"end":{"line":81,"column":null}}],"line":81},"3":{"loc":{"start":{"line":85,"column":17},"end":{"line":85,"column":null}},"type":"binary-expr","locations":[{"start":{"line":85,"column":17},"end":{"line":85,"column":37}},{"start":{"line":85,"column":37},"end":{"line":85,"column":null}}],"line":85},"4":{"loc":{"start":{"line":100,"column":17},"end":{"line":100,"column":null}},"type":"binary-expr","locations":[{"start":{"line":100,"column":17},"end":{"line":100,"column":37}},{"start":{"line":100,"column":37},"end":{"line":100,"column":null}}],"line":100}},"s":{"0":2,"1":2,"2":0,"3":0,"4":0,"5":0,"6":0,"7":0,"8":0,"9":0,"10":0,"11":0,"12":0,"13":0,"14":0,"15":0,"16":0,"17":0,"18":0,"19":0,"20":0,"21":0,"22":0,"23":0,"24":0,"25":0,"26":0,"27":0,"28":0,"29":0,"30":3,"31":2,"32":1},"f":{"0":2,"1":0,"2":0,"3":0,"4":0,"5":0,"6":3,"7":2,"8":1},"b":{"0":[0,0],"1":[0,0],"2":[0,0],"3":[0,0],"4":[0,0]},"meta":{"lastBranch":5,"lastFunction":9,"lastStatement":33,"seen":{"s:26:13:115:Infinity":0,"f:26:42:26:43":0,"s:26:52:115:2":1,"f:36:23:36:35":1,"s:37:4:37:Infinity":2,"s:38:4:48:Infinity":3,"s:39:23:39:Infinity":4,"s:40:6:43:Infinity":5,"b:41:17:41:37:41:37:41:Infinity":0,"s:45:6:45:Infinity":6,"s:47:6:47:Infinity":7,"f:51:22:51:34":2,"s:52:4:52:Infinity":8,"s:53:4:65:Infinity":9,"s:54:23:56:Infinity":10,"s:57:6:60:Infinity":11,"b:58:23:58:43:58:43:58:Infinity":1,"s:62:6:62:Infinity":12,"s:64:6:64:Infinity":13,"f:68:17:68:29":3,"s:69:4:74:Infinity":14,"s:70:23:70:Infinity":15,"s:71:6:71:Infinity":16,"s:73:6:73:Infinity":17,"f:77:19:77:26":4,"s:78:4:78:Infinity":18,"s:79:4:92:Infinity":19,"s:80:23:83:Infinity":20,"b:81:17:81:36:81:36:81:Infinity":2,"s:84:6:87:Infinity":21,"b:85:17:85:37:85:37:85:Infinity":3,"s:89:6:89:Infinity":22,"s:91:6:91:Infinity":23,"f:95:17:95:24":5,"s:96:4:96:Infinity":24,"s:97:4:107:Infinity":25,"s:98:23:98:Infinity":26,"s:99:6:102:Infinity":27,"b:100:17:100:37:100:37:100:Infinity":4,"s:104:6:104:Infinity":28,"s:106:6:106:Infinity":29,"f:110:21:110:22":6,"s:110:33:110:Infinity":30,"f:112:12:112:13":7,"s:112:23:112:Infinity":31,"f:114:16:114:22":8,"s:114:22:114:Infinity":32}}}
,"/Users/raikenwolf/Documents/repos/minder-project/src/styles/Footer.css": {"path":"/Users/raikenwolf/Documents/repos/minder-project/src/styles/Footer.css","statementMap":{},"fnMap":{},"branchMap":{},"s":{},"f":{},"b":{},"meta":{"lastBranch":0,"lastFunction":0,"lastStatement":0,"seen":{}}}
,"/Users/raikenwolf/Documents/repos/minder-project/src/styles/Header.css": {"path":"/Users/raikenwolf/Documents/repos/minder-project/src/styles/Header.css","statementMap":{},"fnMap":{},"branchMap":{},"s":{},"f":{},"b":{},"meta":{"lastBranch":0,"lastFunction":0,"lastStatement":0,"seen":{}}}
,"/Users/raikenwolf/Documents/repos/minder-project/src/styles/ItemCard.css": {"path":"/Users/raikenwolf/Documents/repos/minder-project/src/styles/ItemCard.css","statementMap":{},"fnMap":{},"branchMap":{},"s":{},"f":{},"b":{},"meta":{"lastBranch":0,"lastFunction":0,"lastStatement":0,"seen":{}}}
,"/Users/raikenwolf/Documents/repos/minder-project/src/styles/Menu.css": {"path":"/Users/raikenwolf/Documents/repos/minder-project/src/styles/Menu.css","statementMap":{},"fnMap":{},"branchMap":{},"s":{},"f":{},"b":{},"meta":{"lastBranch":0,"lastFunction":0,"lastStatement":0,"seen":{}}}
}
